<?xml version="1.0" encoding="UTF-8"?>
<testng-results ignored="0" total="5" passed="5" failed="0" skipped="0">
  <reporter-output>
  </reporter-output>
  <suite started-at="2024-03-06T20:35:04 PST" name="Suite" finished-at="2024-03-06T20:35:54 PST" duration-ms="50587">
    <groups>
    </groups>
    <test started-at="2024-03-06T20:35:04 PST" name="Test1" finished-at="2024-03-06T20:35:54 PST" duration-ms="50587">
      <class name="com.xyzbank.qa.testcases.TC001_HomepageTest">
        <test-method is-config="true" signature="setup()[pri:0, instance:com.xyzbank.qa.testcases.TC001_HomepageTest@21be3395]" started-at="2024-03-06T20:35:39 PST" name="setup" finished-at="2024-03-06T20:35:44 PST" duration-ms="4958" status="PASS">
          <reporter-output>
          </reporter-output>
        </test-method> <!-- setup -->
        <test-method signature="homePageTest()[pri:1, instance:com.xyzbank.qa.testcases.TC001_HomepageTest@21be3395]" started-at="2024-03-06T20:35:44 PST" name="homePageTest" finished-at="2024-03-06T20:35:45 PST" duration-ms="990" status="PASS">
          <reporter-output>
          </reporter-output>
        </test-method> <!-- homePageTest -->
        <test-method is-config="true" signature="teardownBrowser()[pri:0, instance:com.xyzbank.qa.testcases.TC001_HomepageTest@21be3395]" started-at="2024-03-06T20:35:45 PST" name="teardownBrowser" finished-at="2024-03-06T20:35:46 PST" duration-ms="407" status="PASS">
          <reporter-output>
          </reporter-output>
        </test-method> <!-- teardownBrowser -->
      </class> <!-- com.xyzbank.qa.testcases.TC001_HomepageTest -->
      <class name="com.xyzbank.qa.testcases.TC004_OpenNewAccountTest">
        <test-method is-config="true" signature="setup()[pri:0, instance:com.xyzbank.qa.testcases.TC004_OpenNewAccountTest@642a7222]" started-at="2024-03-06T20:35:21 PST" name="setup" finished-at="2024-03-06T20:35:27 PST" duration-ms="5073" status="PASS">
          <reporter-output>
          </reporter-output>
        </test-method> <!-- setup -->
        <test-method signature="createAccount()[pri:3, instance:com.xyzbank.qa.testcases.TC004_OpenNewAccountTest@642a7222]" started-at="2024-03-06T20:35:27 PST" name="createAccount" finished-at="2024-03-06T20:35:30 PST" duration-ms="3422" status="PASS">
          <reporter-output>
          </reporter-output>
        </test-method> <!-- createAccount -->
        <test-method is-config="true" signature="teardownBrowser()[pri:0, instance:com.xyzbank.qa.testcases.TC004_OpenNewAccountTest@642a7222]" started-at="2024-03-06T20:35:30 PST" name="teardownBrowser" finished-at="2024-03-06T20:35:30 PST" duration-ms="425" status="PASS">
          <reporter-output>
          </reporter-output>
        </test-method> <!-- teardownBrowser -->
      </class> <!-- com.xyzbank.qa.testcases.TC004_OpenNewAccountTest -->
      <class name="com.xyzbank.qa.testcases.TC005_SearchCustomerTest">
        <test-method is-config="true" signature="setup()[pri:0, instance:com.xyzbank.qa.testcases.TC005_SearchCustomerTest@7d322cad]" started-at="2024-03-06T20:35:30 PST" name="setup" finished-at="2024-03-06T20:35:35 PST" duration-ms="4743" status="PASS">
          <reporter-output>
          </reporter-output>
        </test-method> <!-- setup -->
        <test-method signature="verifySearch()[pri:0, instance:com.xyzbank.qa.testcases.TC005_SearchCustomerTest@7d322cad]" started-at="2024-03-06T20:35:35 PST" name="verifySearch" finished-at="2024-03-06T20:35:39 PST" duration-ms="3631" status="PASS">
          <reporter-output>
          </reporter-output>
        </test-method> <!-- verifySearch -->
        <test-method is-config="true" signature="teardownBrowser()[pri:0, instance:com.xyzbank.qa.testcases.TC005_SearchCustomerTest@7d322cad]" started-at="2024-03-06T20:35:39 PST" name="teardownBrowser" finished-at="2024-03-06T20:35:39 PST" duration-ms="460" status="PASS">
          <reporter-output>
          </reporter-output>
        </test-method> <!-- teardownBrowser -->
      </class> <!-- com.xyzbank.qa.testcases.TC005_SearchCustomerTest -->
      <class name="com.xyzbank.qa.testcases.TC003_AddNewCustomerTest">
        <test-method is-config="true" signature="setup()[pri:0, instance:com.xyzbank.qa.testcases.TC003_AddNewCustomerTest@169bb4dd]" started-at="2024-03-06T20:35:04 PST" name="setup" finished-at="2024-03-06T20:35:17 PST" duration-ms="13695" status="PASS">
          <reporter-output>
          </reporter-output>
        </test-method> <!-- setup -->
        <test-method signature="verifyManagerLogin()[pri:0, instance:com.xyzbank.qa.testcases.TC003_AddNewCustomerTest@169bb4dd]" started-at="2024-03-06T20:35:18 PST" name="verifyManagerLogin" finished-at="2024-03-06T20:35:21 PST" duration-ms="3263" status="PASS">
          <reporter-output>
          </reporter-output>
        </test-method> <!-- verifyManagerLogin -->
        <test-method is-config="true" signature="teardownBrowser()[pri:0, instance:com.xyzbank.qa.testcases.TC003_AddNewCustomerTest@169bb4dd]" started-at="2024-03-06T20:35:21 PST" name="teardownBrowser" finished-at="2024-03-06T20:35:21 PST" duration-ms="430" status="PASS">
          <reporter-output>
          </reporter-output>
        </test-method> <!-- teardownBrowser -->
      </class> <!-- com.xyzbank.qa.testcases.TC003_AddNewCustomerTest -->
      <class name="com.xyzbank.qa.testcases.TC002_LoginTest">
        <test-method is-config="true" signature="setup()[pri:0, instance:com.xyzbank.qa.testcases.TC002_LoginTest@4f49f6af]" started-at="2024-03-06T20:35:46 PST" name="setup" finished-at="2024-03-06T20:35:50 PST" duration-ms="4004" status="PASS">
          <reporter-output>
          </reporter-output>
        </test-method> <!-- setup -->
        <test-method signature="verifyLogin()[pri:0, instance:com.xyzbank.qa.testcases.TC002_LoginTest@4f49f6af]" started-at="2024-03-06T20:35:50 PST" name="verifyLogin" finished-at="2024-03-06T20:35:54 PST" duration-ms="4137" status="PASS">
          <reporter-output>
          </reporter-output>
        </test-method> <!-- verifyLogin -->
        <test-method is-config="true" signature="teardownBrowser()[pri:0, instance:com.xyzbank.qa.testcases.TC002_LoginTest@4f49f6af]" started-at="2024-03-06T20:35:54 PST" name="teardownBrowser" finished-at="2024-03-06T20:35:54 PST" duration-ms="333" status="PASS">
          <reporter-output>
          </reporter-output>
        </test-method> <!-- teardownBrowser -->
      </class> <!-- com.xyzbank.qa.testcases.TC002_LoginTest -->
    </test> <!-- Test1 -->
  </suite> <!-- Suite -->
</testng-results>
